<?xml version="1.0" encoding="UTF-8"?><testrun name="java" project="TestesUnitarios" tests="30" started="30" failures="1" errors="1" ignored="0">
  <testsuite name="br.ce.wcaquino.servicos.CalculoValorLocacaoTest" time="0.411">
    <testsuite name="[2 Filmes: Sem Desconto]" time="0.407">
      <testcase name="deveCalcularValorLocacaoConsiderandoDescontos[2 Filmes: Sem Desconto]" classname="br.ce.wcaquino.servicos.CalculoValorLocacaoTest" time="0.407"/>
    </testsuite>
    <testsuite name="[3 Filmes: 25%]" time="0.001">
      <testcase name="deveCalcularValorLocacaoConsiderandoDescontos[3 Filmes: 25%]" classname="br.ce.wcaquino.servicos.CalculoValorLocacaoTest" time="0.001"/>
    </testsuite>
    <testsuite name="[4 Filmes: 50%]" time="0.001">
      <testcase name="deveCalcularValorLocacaoConsiderandoDescontos[4 Filmes: 50%]" classname="br.ce.wcaquino.servicos.CalculoValorLocacaoTest" time="0.001"/>
    </testsuite>
    <testsuite name="[5 Filmes: 75%]" time="0.0">
      <testcase name="deveCalcularValorLocacaoConsiderandoDescontos[5 Filmes: 75%]" classname="br.ce.wcaquino.servicos.CalculoValorLocacaoTest" time="0.0"/>
    </testsuite>
    <testsuite name="[6 Filmes: 100%]" time="0.001">
      <testcase name="deveCalcularValorLocacaoConsiderandoDescontos[6 Filmes: 100%]" classname="br.ce.wcaquino.servicos.CalculoValorLocacaoTest" time="0.001"/>
    </testsuite>
    <testsuite name="[7 Filmes: Sem Desconto]" time="0.001">
      <testcase name="deveCalcularValorLocacaoConsiderandoDescontos[7 Filmes: Sem Desconto]" classname="br.ce.wcaquino.servicos.CalculoValorLocacaoTest" time="0.001"/>
    </testsuite>
  </testsuite>
  <testsuite name="br.ce.wcaquino.servicos.OrdemTest" time="0.0">
    <testcase name="inicia" classname="br.ce.wcaquino.servicos.OrdemTest" time="0.0"/>
    <testcase name="verifica" classname="br.ce.wcaquino.servicos.OrdemTest" time="0.0"/>
  </testsuite>
  <testsuite name="br.ce.wcaquino.servicos.AssertTest" time="0.0">
    <testcase name="teste" classname="br.ce.wcaquino.servicos.AssertTest" time="0.0"/>
  </testsuite>
  <testsuite name="br.ce.wcaquino.servicos.LocacaoServiceTest_PowerMock" time="0.752">
    <testcase name="deveAlugarFilme_SemCalcularValor" classname="br.ce.wcaquino.servicos.LocacaoServiceTest_PowerMock" time="0.631"/>
    <testcase name="deveCalcularValorLocacao" classname="br.ce.wcaquino.servicos.LocacaoServiceTest_PowerMock" time="0.002"/>
    <testcase name="deveDevolverNaSegundaAoAlugarNoSabado" classname="br.ce.wcaquino.servicos.LocacaoServiceTest_PowerMock" time="0.115">
      <failure>java.lang.AssertionError: 
Expected: Segunda-feira
     but: was &lt;Wed Aug 09 22:12:28 BRT 2023&gt;&#13;
	at org.hamcrest.MatcherAssert.assertThat(MatcherAssert.java:20)&#13;
	at org.junit.Assert.assertThat(Assert.java:956)&#13;
	at org.junit.Assert.assertThat(Assert.java:923)&#13;
	at br.ce.wcaquino.servicos.LocacaoServiceTest_PowerMock.deveDevolverNaSegundaAoAlugarNoSabado(LocacaoServiceTest_PowerMock.java:105)&#13;
	at sun.reflect.NativeMethodAccessorImpl.invoke0(Native Method)&#13;
	at sun.reflect.NativeMethodAccessorImpl.invoke(NativeMethodAccessorImpl.java:62)&#13;
	at sun.reflect.DelegatingMethodAccessorImpl.invoke(DelegatingMethodAccessorImpl.java:43)&#13;
	at java.lang.reflect.Method.invoke(Method.java:498)&#13;
	at org.junit.internal.runners.TestMethod.invoke(TestMethod.java:68)&#13;
	at org.powermock.modules.junit4.internal.impl.PowerMockJUnit44RunnerDelegateImpl$PowerMockJUnit44MethodRunner.runTestMethod(PowerMockJUnit44RunnerDelegateImpl.java:326)&#13;
	at org.junit.internal.runners.MethodRoadie$2.run(MethodRoadie.java:89)&#13;
	at org.junit.internal.runners.MethodRoadie.runBeforesThenTestThenAfters(MethodRoadie.java:97)&#13;
	at org.powermock.modules.junit4.internal.impl.PowerMockJUnit44RunnerDelegateImpl$PowerMockJUnit44MethodRunner.executeTest(PowerMockJUnit44RunnerDelegateImpl.java:310)&#13;
	at org.powermock.modules.junit4.internal.impl.PowerMockJUnit47RunnerDelegateImpl$PowerMockJUnit47MethodRunner.executeTestInSuper(PowerMockJUnit47RunnerDelegateImpl.java:131)&#13;
	at org.powermock.modules.junit4.internal.impl.PowerMockJUnit47RunnerDelegateImpl$PowerMockJUnit47MethodRunner.access$100(PowerMockJUnit47RunnerDelegateImpl.java:59)&#13;
	at org.powermock.modules.junit4.internal.impl.PowerMockJUnit47RunnerDelegateImpl$PowerMockJUnit47MethodRunner$TestExecutorStatement.evaluate(PowerMockJUnit47RunnerDelegateImpl.java:147)&#13;
	at org.junit.rules.Verifier$1.evaluate(Verifier.java:35)&#13;
	at org.junit.rules.ExpectedException$ExpectedExceptionStatement.evaluate(ExpectedException.java:239)&#13;
	at org.powermock.modules.junit4.internal.impl.PowerMockJUnit47RunnerDelegateImpl$PowerMockJUnit47MethodRunner.evaluateStatement(PowerMockJUnit47RunnerDelegateImpl.java:107)&#13;
	at org.powermock.modules.junit4.internal.impl.PowerMockJUnit47RunnerDelegateImpl$PowerMockJUnit47MethodRunner.executeTest(PowerMockJUnit47RunnerDelegateImpl.java:82)&#13;
	at org.powermock.modules.junit4.internal.impl.PowerMockJUnit44RunnerDelegateImpl$PowerMockJUnit44MethodRunner.runBeforesThenTestThenAfters(PowerMockJUnit44RunnerDelegateImpl.java:298)&#13;
	at org.junit.internal.runners.MethodRoadie.runTest(MethodRoadie.java:87)&#13;
	at org.junit.internal.runners.MethodRoadie.run(MethodRoadie.java:50)&#13;
	at org.powermock.modules.junit4.internal.impl.PowerMockJUnit44RunnerDelegateImpl.invokeTestMethod(PowerMockJUnit44RunnerDelegateImpl.java:218)&#13;
	at org.powermock.modules.junit4.internal.impl.PowerMockJUnit44RunnerDelegateImpl.runMethods(PowerMockJUnit44RunnerDelegateImpl.java:160)&#13;
	at org.powermock.modules.junit4.internal.impl.PowerMockJUnit44RunnerDelegateImpl$1.run(PowerMockJUnit44RunnerDelegateImpl.java:134)&#13;
	at org.junit.internal.runners.ClassRoadie.runUnprotected(ClassRoadie.java:34)&#13;
	at org.junit.internal.runners.ClassRoadie.runProtected(ClassRoadie.java:44)&#13;
	at org.powermock.modules.junit4.internal.impl.PowerMockJUnit44RunnerDelegateImpl.run(PowerMockJUnit44RunnerDelegateImpl.java:136)&#13;
	at org.powermock.modules.junit4.common.internal.impl.JUnit4TestSuiteChunkerImpl.run(JUnit4TestSuiteChunkerImpl.java:117)&#13;
	at org.powermock.modules.junit4.common.internal.impl.AbstractCommonPowerMockRunner.run(AbstractCommonPowerMockRunner.java:57)&#13;
	at org.powermock.modules.junit4.PowerMockRunner.run(PowerMockRunner.java:59)&#13;
	at org.eclipse.jdt.internal.junit4.runner.JUnit4TestReference.run(JUnit4TestReference.java:93)&#13;
	at org.eclipse.jdt.internal.junit.runner.TestExecution.run(TestExecution.java:40)&#13;
	at org.eclipse.jdt.internal.junit.runner.RemoteTestRunner.runTests(RemoteTestRunner.java:529)&#13;
	at org.eclipse.jdt.internal.junit.runner.RemoteTestRunner.runTests(RemoteTestRunner.java:756)&#13;
	at org.eclipse.jdt.internal.junit.runner.RemoteTestRunner.run(RemoteTestRunner.java:452)&#13;
	at org.eclipse.jdt.internal.junit.runner.RemoteTestRunner.main(RemoteTestRunner.java:210)&#13;
&#13;
</failure>
    </testcase>
    <testcase name="deveAlugarFilme" classname="br.ce.wcaquino.servicos.LocacaoServiceTest_PowerMock" time="0.003">
      <error>org.junit.internal.runners.model.MultipleFailureException: There were 2 errors:
  java.lang.AssertionError(
Expected: is &lt;true&gt;
     but: was &lt;false&gt;)
  java.lang.AssertionError(
Expected: is &lt;true&gt;
     but: was &lt;false&gt;)&#13;
	at org.junit.runners.model.MultipleFailureException.assertEmpty(MultipleFailureException.java:67)&#13;
	at org.junit.rules.ErrorCollector.verify(ErrorCollector.java:39)&#13;
	at org.junit.rules.Verifier$1.evaluate(Verifier.java:36)&#13;
	at org.junit.rules.ExpectedException$ExpectedExceptionStatement.evaluate(ExpectedException.java:239)&#13;
	at org.powermock.modules.junit4.internal.impl.PowerMockJUnit47RunnerDelegateImpl$PowerMockJUnit47MethodRunner.evaluateStatement(PowerMockJUnit47RunnerDelegateImpl.java:107)&#13;
	at org.powermock.modules.junit4.internal.impl.PowerMockJUnit47RunnerDelegateImpl$PowerMockJUnit47MethodRunner.executeTest(PowerMockJUnit47RunnerDelegateImpl.java:82)&#13;
	at org.powermock.modules.junit4.internal.impl.PowerMockJUnit44RunnerDelegateImpl$PowerMockJUnit44MethodRunner.runBeforesThenTestThenAfters(PowerMockJUnit44RunnerDelegateImpl.java:298)&#13;
	at org.junit.internal.runners.MethodRoadie.runTest(MethodRoadie.java:87)&#13;
	at org.junit.internal.runners.MethodRoadie.run(MethodRoadie.java:50)&#13;
	at org.powermock.modules.junit4.internal.impl.PowerMockJUnit44RunnerDelegateImpl.invokeTestMethod(PowerMockJUnit44RunnerDelegateImpl.java:218)&#13;
	at org.powermock.modules.junit4.internal.impl.PowerMockJUnit44RunnerDelegateImpl.runMethods(PowerMockJUnit44RunnerDelegateImpl.java:160)&#13;
	at org.powermock.modules.junit4.internal.impl.PowerMockJUnit44RunnerDelegateImpl$1.run(PowerMockJUnit44RunnerDelegateImpl.java:134)&#13;
	at org.junit.internal.runners.ClassRoadie.runUnprotected(ClassRoadie.java:34)&#13;
	at org.junit.internal.runners.ClassRoadie.runProtected(ClassRoadie.java:44)&#13;
	at org.powermock.modules.junit4.internal.impl.PowerMockJUnit44RunnerDelegateImpl.run(PowerMockJUnit44RunnerDelegateImpl.java:136)&#13;
	at org.powermock.modules.junit4.common.internal.impl.JUnit4TestSuiteChunkerImpl.run(JUnit4TestSuiteChunkerImpl.java:117)&#13;
	at org.powermock.modules.junit4.common.internal.impl.AbstractCommonPowerMockRunner.run(AbstractCommonPowerMockRunner.java:57)&#13;
	at org.powermock.modules.junit4.PowerMockRunner.run(PowerMockRunner.java:59)&#13;
	at org.eclipse.jdt.internal.junit4.runner.JUnit4TestReference.run(JUnit4TestReference.java:93)&#13;
	at org.eclipse.jdt.internal.junit.runner.TestExecution.run(TestExecution.java:40)&#13;
	at org.eclipse.jdt.internal.junit.runner.RemoteTestRunner.runTests(RemoteTestRunner.java:529)&#13;
	at org.eclipse.jdt.internal.junit.runner.RemoteTestRunner.runTests(RemoteTestRunner.java:756)&#13;
	at org.eclipse.jdt.internal.junit.runner.RemoteTestRunner.run(RemoteTestRunner.java:452)&#13;
	at org.eclipse.jdt.internal.junit.runner.RemoteTestRunner.main(RemoteTestRunner.java:210)&#13;
&#13;
</error>
    </testcase>
  </testsuite>
  <testsuite name="br.ce.wcaquino.servicos.LocacaoServiceTest" time="0.046">
    <testcase name="naoDeveAlugarFilmeSemFilme" classname="br.ce.wcaquino.servicos.LocacaoServiceTest" time="0.031"/>
    <testcase name="deveLancarExcecaoAoAlugarFilmeSemEstoque" classname="br.ce.wcaquino.servicos.LocacaoServiceTest" time="0.001"/>
    <testcase name="deveProrrogarUmaLocacao" classname="br.ce.wcaquino.servicos.LocacaoServiceTest" time="0.005"/>
    <testcase name="deveTratarErronoSPC" classname="br.ce.wcaquino.servicos.LocacaoServiceTest" time="0.002"/>
    <testcase name="deveEnviarEmailParaLocacoesAtrasadas" classname="br.ce.wcaquino.servicos.LocacaoServiceTest" time="0.003"/>
    <testcase name="naoDeveAlugarFilmeParaNegativadoSPC" classname="br.ce.wcaquino.servicos.LocacaoServiceTest" time="0.001"/>
    <testcase name="deveDevolverNaSegundaAoAlugarNoSabado" classname="br.ce.wcaquino.servicos.LocacaoServiceTest" time="0.001"/>
    <testcase name="naoDeveAlugarFilmeSemUsuario" classname="br.ce.wcaquino.servicos.LocacaoServiceTest" time="0.0"/>
    <testcase name="deveCalcularValorLocacao" classname="br.ce.wcaquino.servicos.LocacaoServiceTest" time="0.001"/>
    <testcase name="deveAlugarFilme" classname="br.ce.wcaquino.servicos.LocacaoServiceTest" time="0.001"/>
  </testsuite>
  <testsuite name="br.ce.wcaquino.servicos.CalculadoraTest" time="0.0">
    <testcase name="devSomarDoisValores" classname="br.ce.wcaquino.servicos.CalculadoraTest" time="0.0"/>
    <testcase name="deveDividir" classname="br.ce.wcaquino.servicos.CalculadoraTest" time="0.0"/>
    <testcase name="deveLancarExcecaoAoDividirPorZero" classname="br.ce.wcaquino.servicos.CalculadoraTest" time="0.0"/>
    <testcase name="deveSubtrairDoisValores" classname="br.ce.wcaquino.servicos.CalculadoraTest" time="0.0"/>
    <testcase name="deveDividirDoisValores" classname="br.ce.wcaquino.servicos.CalculadoraTest" time="0.0"/>
  </testsuite>
  <testsuite name="br.ce.wcaquino.servicos.CalculadoraMockTest" time="0.021">
    <testcase name="teste" classname="br.ce.wcaquino.servicos.CalculadoraMockTest" time="0.02"/>
    <testcase name="devoMostrarDiferencaEntreMockSpy" classname="br.ce.wcaquino.servicos.CalculadoraMockTest" time="0.001"/>
  </testsuite>
</testrun>
