<?xml version="1.0" encoding="UTF-8"?><testrun name="CalculoValorLocacaoTest" project="TestesUnitarios" tests="5" started="5" failures="0" errors="5" ignored="0">
  <testsuite name="br.ce.wcaquino.servicos.CalculoValorLocacaoTest" time="0.001">
    <testsuite name="[0]" time="0.0">
      <testcase name="deveCalcularValorLocacaoConsiderandoDescontos[0]" classname="br.ce.wcaquino.servicos.CalculoValorLocacaoTest" time="0.0">
        <error>java.lang.IllegalAccessException: class org.junit.runners.parameterized.BlockJUnit4ClassRunnerWithParameters cannot access a member of class br.ce.wcaquino.servicos.CalculoValorLocacaoTest with modifiers "private"&#13;
	at java.base/jdk.internal.reflect.Reflection.newIllegalAccessException(Reflection.java:392)&#13;
	at java.base/java.lang.reflect.AccessibleObject.checkAccess(AccessibleObject.java:674)&#13;
	at java.base/java.lang.reflect.Field.checkAccess(Field.java:1102)&#13;
	at java.base/java.lang.reflect.Field.set(Field.java:797)&#13;
	at org.junit.runners.parameterized.BlockJUnit4ClassRunnerWithParameters.createTestUsingFieldInjection(BlockJUnit4ClassRunnerWithParameters.java:62)&#13;
	at org.junit.runners.parameterized.BlockJUnit4ClassRunnerWithParameters.createTest(BlockJUnit4ClassRunnerWithParameters.java:36)&#13;
	at org.junit.runners.BlockJUnit4ClassRunner$1.runReflectiveCall(BlockJUnit4ClassRunner.java:266)&#13;
	at org.junit.internal.runners.model.ReflectiveCallable.run(ReflectiveCallable.java:12)&#13;
	at org.junit.runners.BlockJUnit4ClassRunner.methodBlock(BlockJUnit4ClassRunner.java:263)&#13;
	at org.junit.runners.BlockJUnit4ClassRunner.runChild(BlockJUnit4ClassRunner.java:78)&#13;
	at org.junit.runners.BlockJUnit4ClassRunner.runChild(BlockJUnit4ClassRunner.java:57)&#13;
	at org.junit.runners.ParentRunner$3.run(ParentRunner.java:290)&#13;
	at org.junit.runners.ParentRunner$1.schedule(ParentRunner.java:71)&#13;
	at org.junit.runners.ParentRunner.runChildren(ParentRunner.java:288)&#13;
	at org.junit.runners.ParentRunner.access$000(ParentRunner.java:58)&#13;
	at org.junit.runners.ParentRunner$2.evaluate(ParentRunner.java:268)&#13;
	at org.junit.runners.ParentRunner.run(ParentRunner.java:363)&#13;
	at org.junit.runners.Suite.runChild(Suite.java:128)&#13;
	at org.junit.runners.Suite.runChild(Suite.java:27)&#13;
	at org.junit.runners.ParentRunner$3.run(ParentRunner.java:290)&#13;
	at org.junit.runners.ParentRunner$1.schedule(ParentRunner.java:71)&#13;
	at org.junit.runners.ParentRunner.runChildren(ParentRunner.java:288)&#13;
	at org.junit.runners.ParentRunner.access$000(ParentRunner.java:58)&#13;
	at org.junit.runners.ParentRunner$2.evaluate(ParentRunner.java:268)&#13;
	at org.junit.runners.ParentRunner.run(ParentRunner.java:363)&#13;
	at org.eclipse.jdt.internal.junit4.runner.JUnit4TestReference.run(JUnit4TestReference.java:93)&#13;
	at org.eclipse.jdt.internal.junit.runner.TestExecution.run(TestExecution.java:40)&#13;
	at org.eclipse.jdt.internal.junit.runner.RemoteTestRunner.runTests(RemoteTestRunner.java:529)&#13;
	at org.eclipse.jdt.internal.junit.runner.RemoteTestRunner.runTests(RemoteTestRunner.java:756)&#13;
	at org.eclipse.jdt.internal.junit.runner.RemoteTestRunner.run(RemoteTestRunner.java:452)&#13;
	at org.eclipse.jdt.internal.junit.runner.RemoteTestRunner.main(RemoteTestRunner.java:210)&#13;
&#13;
</error>
      </testcase>
    </testsuite>
    <testsuite name="[1]" time="0.0">
      <testcase name="deveCalcularValorLocacaoConsiderandoDescontos[1]" classname="br.ce.wcaquino.servicos.CalculoValorLocacaoTest" time="0.0">
        <error>java.lang.IllegalAccessException: class org.junit.runners.parameterized.BlockJUnit4ClassRunnerWithParameters cannot access a member of class br.ce.wcaquino.servicos.CalculoValorLocacaoTest with modifiers "private"&#13;
	at java.base/jdk.internal.reflect.Reflection.newIllegalAccessException(Reflection.java:392)&#13;
	at java.base/java.lang.reflect.AccessibleObject.checkAccess(AccessibleObject.java:674)&#13;
	at java.base/java.lang.reflect.Field.checkAccess(Field.java:1102)&#13;
	at java.base/java.lang.reflect.Field.set(Field.java:797)&#13;
	at org.junit.runners.parameterized.BlockJUnit4ClassRunnerWithParameters.createTestUsingFieldInjection(BlockJUnit4ClassRunnerWithParameters.java:62)&#13;
	at org.junit.runners.parameterized.BlockJUnit4ClassRunnerWithParameters.createTest(BlockJUnit4ClassRunnerWithParameters.java:36)&#13;
	at org.junit.runners.BlockJUnit4ClassRunner$1.runReflectiveCall(BlockJUnit4ClassRunner.java:266)&#13;
	at org.junit.internal.runners.model.ReflectiveCallable.run(ReflectiveCallable.java:12)&#13;
	at org.junit.runners.BlockJUnit4ClassRunner.methodBlock(BlockJUnit4ClassRunner.java:263)&#13;
	at org.junit.runners.BlockJUnit4ClassRunner.runChild(BlockJUnit4ClassRunner.java:78)&#13;
	at org.junit.runners.BlockJUnit4ClassRunner.runChild(BlockJUnit4ClassRunner.java:57)&#13;
	at org.junit.runners.ParentRunner$3.run(ParentRunner.java:290)&#13;
	at org.junit.runners.ParentRunner$1.schedule(ParentRunner.java:71)&#13;
	at org.junit.runners.ParentRunner.runChildren(ParentRunner.java:288)&#13;
	at org.junit.runners.ParentRunner.access$000(ParentRunner.java:58)&#13;
	at org.junit.runners.ParentRunner$2.evaluate(ParentRunner.java:268)&#13;
	at org.junit.runners.ParentRunner.run(ParentRunner.java:363)&#13;
	at org.junit.runners.Suite.runChild(Suite.java:128)&#13;
	at org.junit.runners.Suite.runChild(Suite.java:27)&#13;
	at org.junit.runners.ParentRunner$3.run(ParentRunner.java:290)&#13;
	at org.junit.runners.ParentRunner$1.schedule(ParentRunner.java:71)&#13;
	at org.junit.runners.ParentRunner.runChildren(ParentRunner.java:288)&#13;
	at org.junit.runners.ParentRunner.access$000(ParentRunner.java:58)&#13;
	at org.junit.runners.ParentRunner$2.evaluate(ParentRunner.java:268)&#13;
	at org.junit.runners.ParentRunner.run(ParentRunner.java:363)&#13;
	at org.eclipse.jdt.internal.junit4.runner.JUnit4TestReference.run(JUnit4TestReference.java:93)&#13;
	at org.eclipse.jdt.internal.junit.runner.TestExecution.run(TestExecution.java:40)&#13;
	at org.eclipse.jdt.internal.junit.runner.RemoteTestRunner.runTests(RemoteTestRunner.java:529)&#13;
	at org.eclipse.jdt.internal.junit.runner.RemoteTestRunner.runTests(RemoteTestRunner.java:756)&#13;
	at org.eclipse.jdt.internal.junit.runner.RemoteTestRunner.run(RemoteTestRunner.java:452)&#13;
	at org.eclipse.jdt.internal.junit.runner.RemoteTestRunner.main(RemoteTestRunner.java:210)&#13;
&#13;
</error>
      </testcase>
    </testsuite>
    <testsuite name="[2]" time="0.0">
      <testcase name="deveCalcularValorLocacaoConsiderandoDescontos[2]" classname="br.ce.wcaquino.servicos.CalculoValorLocacaoTest" time="0.0">
        <error>java.lang.IllegalAccessException: class org.junit.runners.parameterized.BlockJUnit4ClassRunnerWithParameters cannot access a member of class br.ce.wcaquino.servicos.CalculoValorLocacaoTest with modifiers "private"&#13;
	at java.base/jdk.internal.reflect.Reflection.newIllegalAccessException(Reflection.java:392)&#13;
	at java.base/java.lang.reflect.AccessibleObject.checkAccess(AccessibleObject.java:674)&#13;
	at java.base/java.lang.reflect.Field.checkAccess(Field.java:1102)&#13;
	at java.base/java.lang.reflect.Field.set(Field.java:797)&#13;
	at org.junit.runners.parameterized.BlockJUnit4ClassRunnerWithParameters.createTestUsingFieldInjection(BlockJUnit4ClassRunnerWithParameters.java:62)&#13;
	at org.junit.runners.parameterized.BlockJUnit4ClassRunnerWithParameters.createTest(BlockJUnit4ClassRunnerWithParameters.java:36)&#13;
	at org.junit.runners.BlockJUnit4ClassRunner$1.runReflectiveCall(BlockJUnit4ClassRunner.java:266)&#13;
	at org.junit.internal.runners.model.ReflectiveCallable.run(ReflectiveCallable.java:12)&#13;
	at org.junit.runners.BlockJUnit4ClassRunner.methodBlock(BlockJUnit4ClassRunner.java:263)&#13;
	at org.junit.runners.BlockJUnit4ClassRunner.runChild(BlockJUnit4ClassRunner.java:78)&#13;
	at org.junit.runners.BlockJUnit4ClassRunner.runChild(BlockJUnit4ClassRunner.java:57)&#13;
	at org.junit.runners.ParentRunner$3.run(ParentRunner.java:290)&#13;
	at org.junit.runners.ParentRunner$1.schedule(ParentRunner.java:71)&#13;
	at org.junit.runners.ParentRunner.runChildren(ParentRunner.java:288)&#13;
	at org.junit.runners.ParentRunner.access$000(ParentRunner.java:58)&#13;
	at org.junit.runners.ParentRunner$2.evaluate(ParentRunner.java:268)&#13;
	at org.junit.runners.ParentRunner.run(ParentRunner.java:363)&#13;
	at org.junit.runners.Suite.runChild(Suite.java:128)&#13;
	at org.junit.runners.Suite.runChild(Suite.java:27)&#13;
	at org.junit.runners.ParentRunner$3.run(ParentRunner.java:290)&#13;
	at org.junit.runners.ParentRunner$1.schedule(ParentRunner.java:71)&#13;
	at org.junit.runners.ParentRunner.runChildren(ParentRunner.java:288)&#13;
	at org.junit.runners.ParentRunner.access$000(ParentRunner.java:58)&#13;
	at org.junit.runners.ParentRunner$2.evaluate(ParentRunner.java:268)&#13;
	at org.junit.runners.ParentRunner.run(ParentRunner.java:363)&#13;
	at org.eclipse.jdt.internal.junit4.runner.JUnit4TestReference.run(JUnit4TestReference.java:93)&#13;
	at org.eclipse.jdt.internal.junit.runner.TestExecution.run(TestExecution.java:40)&#13;
	at org.eclipse.jdt.internal.junit.runner.RemoteTestRunner.runTests(RemoteTestRunner.java:529)&#13;
	at org.eclipse.jdt.internal.junit.runner.RemoteTestRunner.runTests(RemoteTestRunner.java:756)&#13;
	at org.eclipse.jdt.internal.junit.runner.RemoteTestRunner.run(RemoteTestRunner.java:452)&#13;
	at org.eclipse.jdt.internal.junit.runner.RemoteTestRunner.main(RemoteTestRunner.java:210)&#13;
&#13;
</error>
      </testcase>
    </testsuite>
    <testsuite name="[3]" time="0.001">
      <testcase name="deveCalcularValorLocacaoConsiderandoDescontos[3]" classname="br.ce.wcaquino.servicos.CalculoValorLocacaoTest" time="0.001">
        <error>java.lang.IllegalAccessException: class org.junit.runners.parameterized.BlockJUnit4ClassRunnerWithParameters cannot access a member of class br.ce.wcaquino.servicos.CalculoValorLocacaoTest with modifiers "private"&#13;
	at java.base/jdk.internal.reflect.Reflection.newIllegalAccessException(Reflection.java:392)&#13;
	at java.base/java.lang.reflect.AccessibleObject.checkAccess(AccessibleObject.java:674)&#13;
	at java.base/java.lang.reflect.Field.checkAccess(Field.java:1102)&#13;
	at java.base/java.lang.reflect.Field.set(Field.java:797)&#13;
	at org.junit.runners.parameterized.BlockJUnit4ClassRunnerWithParameters.createTestUsingFieldInjection(BlockJUnit4ClassRunnerWithParameters.java:62)&#13;
	at org.junit.runners.parameterized.BlockJUnit4ClassRunnerWithParameters.createTest(BlockJUnit4ClassRunnerWithParameters.java:36)&#13;
	at org.junit.runners.BlockJUnit4ClassRunner$1.runReflectiveCall(BlockJUnit4ClassRunner.java:266)&#13;
	at org.junit.internal.runners.model.ReflectiveCallable.run(ReflectiveCallable.java:12)&#13;
	at org.junit.runners.BlockJUnit4ClassRunner.methodBlock(BlockJUnit4ClassRunner.java:263)&#13;
	at org.junit.runners.BlockJUnit4ClassRunner.runChild(BlockJUnit4ClassRunner.java:78)&#13;
	at org.junit.runners.BlockJUnit4ClassRunner.runChild(BlockJUnit4ClassRunner.java:57)&#13;
	at org.junit.runners.ParentRunner$3.run(ParentRunner.java:290)&#13;
	at org.junit.runners.ParentRunner$1.schedule(ParentRunner.java:71)&#13;
	at org.junit.runners.ParentRunner.runChildren(ParentRunner.java:288)&#13;
	at org.junit.runners.ParentRunner.access$000(ParentRunner.java:58)&#13;
	at org.junit.runners.ParentRunner$2.evaluate(ParentRunner.java:268)&#13;
	at org.junit.runners.ParentRunner.run(ParentRunner.java:363)&#13;
	at org.junit.runners.Suite.runChild(Suite.java:128)&#13;
	at org.junit.runners.Suite.runChild(Suite.java:27)&#13;
	at org.junit.runners.ParentRunner$3.run(ParentRunner.java:290)&#13;
	at org.junit.runners.ParentRunner$1.schedule(ParentRunner.java:71)&#13;
	at org.junit.runners.ParentRunner.runChildren(ParentRunner.java:288)&#13;
	at org.junit.runners.ParentRunner.access$000(ParentRunner.java:58)&#13;
	at org.junit.runners.ParentRunner$2.evaluate(ParentRunner.java:268)&#13;
	at org.junit.runners.ParentRunner.run(ParentRunner.java:363)&#13;
	at org.eclipse.jdt.internal.junit4.runner.JUnit4TestReference.run(JUnit4TestReference.java:93)&#13;
	at org.eclipse.jdt.internal.junit.runner.TestExecution.run(TestExecution.java:40)&#13;
	at org.eclipse.jdt.internal.junit.runner.RemoteTestRunner.runTests(RemoteTestRunner.java:529)&#13;
	at org.eclipse.jdt.internal.junit.runner.RemoteTestRunner.runTests(RemoteTestRunner.java:756)&#13;
	at org.eclipse.jdt.internal.junit.runner.RemoteTestRunner.run(RemoteTestRunner.java:452)&#13;
	at org.eclipse.jdt.internal.junit.runner.RemoteTestRunner.main(RemoteTestRunner.java:210)&#13;
&#13;
</error>
      </testcase>
    </testsuite>
    <testsuite name="[4]" time="0.0">
      <testcase name="deveCalcularValorLocacaoConsiderandoDescontos[4]" classname="br.ce.wcaquino.servicos.CalculoValorLocacaoTest" time="0.0">
        <error>java.lang.Exception: Wrong number of parameters and @Parameter fields. @Parameter fields counted: 2, available parameters: 0.&#13;
	at org.junit.runners.parameterized.BlockJUnit4ClassRunnerWithParameters.createTestUsingFieldInjection(BlockJUnit4ClassRunnerWithParameters.java:49)&#13;
	at org.junit.runners.parameterized.BlockJUnit4ClassRunnerWithParameters.createTest(BlockJUnit4ClassRunnerWithParameters.java:36)&#13;
	at org.junit.runners.BlockJUnit4ClassRunner$1.runReflectiveCall(BlockJUnit4ClassRunner.java:266)&#13;
	at org.junit.internal.runners.model.ReflectiveCallable.run(ReflectiveCallable.java:12)&#13;
	at org.junit.runners.BlockJUnit4ClassRunner.methodBlock(BlockJUnit4ClassRunner.java:263)&#13;
	at org.junit.runners.BlockJUnit4ClassRunner.runChild(BlockJUnit4ClassRunner.java:78)&#13;
	at org.junit.runners.BlockJUnit4ClassRunner.runChild(BlockJUnit4ClassRunner.java:57)&#13;
	at org.junit.runners.ParentRunner$3.run(ParentRunner.java:290)&#13;
	at org.junit.runners.ParentRunner$1.schedule(ParentRunner.java:71)&#13;
	at org.junit.runners.ParentRunner.runChildren(ParentRunner.java:288)&#13;
	at org.junit.runners.ParentRunner.access$000(ParentRunner.java:58)&#13;
	at org.junit.runners.ParentRunner$2.evaluate(ParentRunner.java:268)&#13;
	at org.junit.runners.ParentRunner.run(ParentRunner.java:363)&#13;
	at org.junit.runners.Suite.runChild(Suite.java:128)&#13;
	at org.junit.runners.Suite.runChild(Suite.java:27)&#13;
	at org.junit.runners.ParentRunner$3.run(ParentRunner.java:290)&#13;
	at org.junit.runners.ParentRunner$1.schedule(ParentRunner.java:71)&#13;
	at org.junit.runners.ParentRunner.runChildren(ParentRunner.java:288)&#13;
	at org.junit.runners.ParentRunner.access$000(ParentRunner.java:58)&#13;
	at org.junit.runners.ParentRunner$2.evaluate(ParentRunner.java:268)&#13;
	at org.junit.runners.ParentRunner.run(ParentRunner.java:363)&#13;
	at org.eclipse.jdt.internal.junit4.runner.JUnit4TestReference.run(JUnit4TestReference.java:93)&#13;
	at org.eclipse.jdt.internal.junit.runner.TestExecution.run(TestExecution.java:40)&#13;
	at org.eclipse.jdt.internal.junit.runner.RemoteTestRunner.runTests(RemoteTestRunner.java:529)&#13;
	at org.eclipse.jdt.internal.junit.runner.RemoteTestRunner.runTests(RemoteTestRunner.java:756)&#13;
	at org.eclipse.jdt.internal.junit.runner.RemoteTestRunner.run(RemoteTestRunner.java:452)&#13;
	at org.eclipse.jdt.internal.junit.runner.RemoteTestRunner.main(RemoteTestRunner.java:210)&#13;
&#13;
</error>
      </testcase>
    </testsuite>
  </testsuite>
</testrun>
